Seed =  She


Sentence 1: She calls ?
Sentence 2: She stood behind ?
Sentence 3: She fastened up who it from which sat gray wolf woke
Sentence 4: She sent away floated out as this caused you take an
Sentence 5: She felt flabby and so on with tears such garments could
Sentence 6: She answered cautiously : if that his body behind ?
Sentence 7: She got past jimmy tiptoed gingerly , it ; here to-day
Sentence 8: She got past jimmy tiptoed gingerly , even buy anything had
Sentence 9: She fastened up above , that her sister here 's door
Sentence 10: She stood behind ?


Seed =  I


Sentence 1: I said mother still i not for my lord how queer
Sentence 2: I wo n't worry yourself up my intention she consented at
Sentence 3: I asked ; do as chubby wee flipperling , my intention
Sentence 4: I wo n't care however wise fish he made their step-mother
Sentence 5: I to school easier to escape a minute after dinner at
Sentence 6: I wanted all sorts and with my tongue is closed with
Sentence 7: I said in an air returned something came flying to keep
Sentence 8: I want they may tomorrow -rrb- convent gnothi .
Sentence 9: I asked ; who felt flabby and if my telescope eyes
Sentence 10: I asked ; there you in vain promises , go i


Seed =  Old


Sentence 1: Old when miss , they bled .
Sentence 2: Old nor mao the first was about all made none could
Sentence 3: Old palmer took place again in , sir roger 's neck
Sentence 4: Old log he began trumpeting both upstream and at old place
Sentence 5: Old fellow ; who i wish is never noticed me speckled
Sentence 6: Old fellow ; there not that this fit after things they
Sentence 7: Old sea were just because jimmy tiptoed gingerly , what has
Sentence 8: Old nor mao the queen alone made none could endure this
Sentence 9: Old palmer took place again in , my babies : if
Sentence 10: Old and so beautiful babies : for three - do-weel !
